<?xml version="1.0" encoding="UTF-8"?>
<testng-results ignored="0" total="1" passed="1" failed="0" skipped="0">
  <reporter-output>
  </reporter-output>
  <suite started-at="2023-03-19T16:50:16 IST" name="Default suite" finished-at="2023-03-19T16:50:19 IST" duration-ms="2483">
    <groups>
    </groups>
    <test started-at="2023-03-19T16:50:16 IST" name="Default test" finished-at="2023-03-19T16:50:19 IST" duration-ms="2483">
      <class name="basics.GetListUsers">
        <test-method signature="getListOfUsers()[pri:0, instance:basics.GetListUsers@2df9b86]" started-at="2023-03-19T16:50:16 IST" name="getListOfUsers" finished-at="2023-03-19T16:50:19 IST" duration-ms="2419" status="PASS">
          <reporter-output>
          </reporter-output>
        </test-method> <!-- getListOfUsers -->
      </class> <!-- basics.GetListUsers -->
    </test> <!-- Default test -->
  </suite> <!-- Default suite -->
</testng-results>
